s:\data\gitrepos\study\chm_labs\overrelaxation\overrelaxation\x64\debug\vc141.pdb
s:\data\gitrepos\study\chm_labs\overrelaxation\overrelaxation\x64\debug\myform.obj
s:\data\gitrepos\study\chm_labs\overrelaxation\overrelaxation\x64\debug\simpleiteration.obj
s:\data\gitrepos\study\chm_labs\overrelaxation\overrelaxation\x64\debug\overrelax.obj
s:\data\gitrepos\study\chm_labs\overrelaxation\overrelaxation\x64\debug\numericalmethodsbase.obj
s:\data\gitrepos\study\chm_labs\overrelaxation\overrelaxation\x64\debug\.netframework,version=v4.0.assemblyattributes.obj
s:\data\gitrepos\study\chm_labs\overrelaxation\overrelaxation\x64\debug\.netframework,version=v4.0.assemblyattributes.asm
s:\data\gitrepos\study\chm_labs\overrelaxation\x64\debug\overrelaxation.exe
s:\data\gitrepos\study\chm_labs\overrelaxation\x64\debug\overrelaxation.pdb
s:\data\gitrepos\study\chm_labs\overrelaxation\overrelaxation\x64\debug\overrelaxation.myform.resources
s:\data\gitrepos\study\chm_labs\overrelaxation\overrelaxation\x64\debug\overrelaxation.vcxproj.generateresource.cache
s:\data\gitrepos\study\chm_labs\overrelaxation\overrelaxation\x64\debug\overrelaxation.vcxprojassemblyreference.cache
s:\data\gitrepos\study\chm_labs\overrelaxation\overrelaxation\x64\debug\overrelaxation.tlog\cl.command.1.tlog
s:\data\gitrepos\study\chm_labs\overrelaxation\overrelaxation\x64\debug\overrelaxation.tlog\cl.read.1.tlog
s:\data\gitrepos\study\chm_labs\overrelaxation\overrelaxation\x64\debug\overrelaxation.tlog\cl.write.1.tlog
s:\data\gitrepos\study\chm_labs\overrelaxation\overrelaxation\x64\debug\overrelaxation.tlog\link.command.1.tlog
s:\data\gitrepos\study\chm_labs\overrelaxation\overrelaxation\x64\debug\overrelaxation.tlog\link.read.1.tlog
s:\data\gitrepos\study\chm_labs\overrelaxation\overrelaxation\x64\debug\overrelaxation.tlog\link.write.1.tlog
s:\data\gitrepos\study\chm_labs\overrelaxation\overrelaxation\x64\debug\overrelaxation.tlog\metagen.read.1.tlog
s:\data\gitrepos\study\chm_labs\overrelaxation\overrelaxation\x64\debug\overrelaxation.tlog\metagen.write.1.tlog
s:\data\gitrepos\study\chm_labs\overrelaxation\overrelaxation\x64\debug\overrelaxation.tlog\overrelaxation.write.1u.tlog
