s:\data\gitrepos\study\chm_labs\overrelaxation\overrelaxation\x64\release\vc141.pdb
s:\data\gitrepos\study\chm_labs\overrelaxation\overrelaxation\x64\release\myform.obj
s:\data\gitrepos\study\chm_labs\overrelaxation\overrelaxation\x64\release\simpleiteration.obj
s:\data\gitrepos\study\chm_labs\overrelaxation\overrelaxation\x64\release\overrelax.obj
s:\data\gitrepos\study\chm_labs\overrelaxation\overrelaxation\x64\release\numericalmethodsbase.obj
s:\data\gitrepos\study\chm_labs\overrelaxation\overrelaxation\x64\release\.netframework,version=v4.0.assemblyattributes.obj
s:\data\gitrepos\study\chm_labs\overrelaxation\overrelaxation\x64\release\.netframework,version=v4.0.assemblyattributes.asm
s:\data\gitrepos\study\chm_labs\overrelaxation\x64\release\overrelaxation.exe
s:\data\gitrepos\study\chm_labs\overrelaxation\x64\release\overrelaxation.pdb
s:\data\gitrepos\study\chm_labs\overrelaxation\overrelaxation\x64\release\overrelaxation.myform.resources
s:\data\gitrepos\study\chm_labs\overrelaxation\x64\release\overrelaxation.ipdb
s:\data\gitrepos\study\chm_labs\overrelaxation\x64\release\overrelaxation.iobj
s:\data\gitrepos\study\chm_labs\overrelaxation\overrelaxation\x64\release\overrelaxation.vcxproj.generateresource.cache
s:\data\gitrepos\study\chm_labs\overrelaxation\overrelaxation\x64\release\overrelaxation.vcxprojassemblyreference.cache
s:\data\gitrepos\study\chm_labs\overrelaxation\overrelaxation\x64\release\overrelaxation.tlog\cl.command.1.tlog
s:\data\gitrepos\study\chm_labs\overrelaxation\overrelaxation\x64\release\overrelaxation.tlog\cl.read.1.tlog
s:\data\gitrepos\study\chm_labs\overrelaxation\overrelaxation\x64\release\overrelaxation.tlog\cl.write.1.tlog
s:\data\gitrepos\study\chm_labs\overrelaxation\overrelaxation\x64\release\overrelaxation.tlog\link.command.1.tlog
s:\data\gitrepos\study\chm_labs\overrelaxation\overrelaxation\x64\release\overrelaxation.tlog\link.read.1.tlog
s:\data\gitrepos\study\chm_labs\overrelaxation\overrelaxation\x64\release\overrelaxation.tlog\link.write.1.tlog
s:\data\gitrepos\study\chm_labs\overrelaxation\overrelaxation\x64\release\overrelaxation.tlog\metagen.read.1.tlog
s:\data\gitrepos\study\chm_labs\overrelaxation\overrelaxation\x64\release\overrelaxation.tlog\metagen.write.1.tlog
s:\data\gitrepos\study\chm_labs\overrelaxation\overrelaxation\x64\release\overrelaxation.tlog\overrelaxation.write.1u.tlog
